<?xml version="1.0" encoding="UTF-8"?>
<testng-results ignored="0" total="7" passed="6" failed="1" skipped="0">
  <reporter-output>
  </reporter-output>
  <suite started-at="2022-08-05T14:32:02 IST" name="Suite" finished-at="2022-08-05T14:32:40 IST" duration-ms="38100">
    <groups>
    </groups>
    <test started-at="2022-08-05T14:32:02 IST" name="Test" finished-at="2022-08-05T14:32:40 IST" duration-ms="38100">
      <class name="reports.Reports">
        <test-method is-config="true" signature="beforeTest()[pri:0, instance:reports.Reports@21d03963]" started-at="2022-08-05T14:32:02 IST" name="beforeTest" finished-at="2022-08-05T14:32:02 IST" duration-ms="30" status="PASS">
          <reporter-output>
          </reporter-output>
        </test-method> <!-- beforeTest -->
        <test-method is-config="true" signature="beforemethod()[pri:0, instance:reports.Reports@21d03963]" started-at="2022-08-05T14:32:02 IST" name="beforemethod" finished-at="2022-08-05T14:32:02 IST" duration-ms="0" status="PASS">
          <reporter-output>
          </reporter-output>
        </test-method> <!-- beforemethod -->
        <test-method signature="FristClass()[pri:1, instance:reports.Reports@21d03963]" started-at="2022-08-05T14:32:02 IST" name="FristClass" finished-at="2022-08-05T14:32:12 IST" duration-ms="9552" status="PASS">
          <reporter-output>
          </reporter-output>
        </test-method> <!-- FristClass -->
        <test-method is-config="true" signature="afterMethod()[pri:0, instance:reports.Reports@21d03963]" started-at="2022-08-05T14:32:12 IST" name="afterMethod" finished-at="2022-08-05T14:32:12 IST" duration-ms="1" status="PASS">
          <reporter-output>
          </reporter-output>
        </test-method> <!-- afterMethod -->
        <test-method is-config="true" signature="beforemethod()[pri:0, instance:reports.Reports@21d03963]" started-at="2022-08-05T14:32:12 IST" name="beforemethod" finished-at="2022-08-05T14:32:12 IST" duration-ms="1" status="PASS">
          <reporter-output>
          </reporter-output>
        </test-method> <!-- beforemethod -->
        <test-method signature="WrongPass()[pri:2, instance:reports.Reports@21d03963]" started-at="2022-08-05T14:32:12 IST" name="WrongPass" finished-at="2022-08-05T14:32:17 IST" duration-ms="4821" status="PASS">
          <reporter-output>
          </reporter-output>
        </test-method> <!-- WrongPass -->
        <test-method is-config="true" signature="afterMethod()[pri:0, instance:reports.Reports@21d03963]" started-at="2022-08-05T14:32:17 IST" name="afterMethod" finished-at="2022-08-05T14:32:17 IST" duration-ms="1" status="PASS">
          <reporter-output>
          </reporter-output>
        </test-method> <!-- afterMethod -->
        <test-method is-config="true" signature="beforemethod()[pri:0, instance:reports.Reports@21d03963]" started-at="2022-08-05T14:32:17 IST" name="beforemethod" finished-at="2022-08-05T14:32:17 IST" duration-ms="1" status="PASS">
          <reporter-output>
          </reporter-output>
        </test-method> <!-- beforemethod -->
        <test-method signature="WrongUserName()[pri:3, instance:reports.Reports@21d03963]" started-at="2022-08-05T14:32:17 IST" name="WrongUserName" finished-at="2022-08-05T14:32:22 IST" duration-ms="4756" status="PASS">
          <reporter-output>
          </reporter-output>
        </test-method> <!-- WrongUserName -->
        <test-method is-config="true" signature="afterMethod()[pri:0, instance:reports.Reports@21d03963]" started-at="2022-08-05T14:32:22 IST" name="afterMethod" finished-at="2022-08-05T14:32:22 IST" duration-ms="1" status="PASS">
          <reporter-output>
          </reporter-output>
        </test-method> <!-- afterMethod -->
        <test-method is-config="true" signature="beforemethod()[pri:0, instance:reports.Reports@21d03963]" started-at="2022-08-05T14:32:22 IST" name="beforemethod" finished-at="2022-08-05T14:32:22 IST" duration-ms="2" status="PASS">
          <reporter-output>
          </reporter-output>
        </test-method> <!-- beforemethod -->
        <test-method signature="emptyUserName()[pri:4, instance:reports.Reports@21d03963]" started-at="2022-08-05T14:32:22 IST" name="emptyUserName" finished-at="2022-08-05T14:32:26 IST" duration-ms="4642" status="PASS">
          <reporter-output>
          </reporter-output>
        </test-method> <!-- emptyUserName -->
        <test-method is-config="true" signature="afterMethod()[pri:0, instance:reports.Reports@21d03963]" started-at="2022-08-05T14:32:26 IST" name="afterMethod" finished-at="2022-08-05T14:32:26 IST" duration-ms="1" status="PASS">
          <reporter-output>
          </reporter-output>
        </test-method> <!-- afterMethod -->
        <test-method signature="emptyPass()[pri:5, instance:reports.Reports@21d03963]" started-at="2022-08-05T14:32:26 IST" name="emptyPass" finished-at="2022-08-05T14:32:31 IST" duration-ms="4659" status="PASS">
          <reporter-output>
          </reporter-output>
        </test-method> <!-- emptyPass -->
        <test-method is-config="true" signature="beforemethod()[pri:0, instance:reports.Reports@21d03963]" started-at="2022-08-05T14:32:26 IST" name="beforemethod" finished-at="2022-08-05T14:32:26 IST" duration-ms="0" status="PASS">
          <reporter-output>
          </reporter-output>
        </test-method> <!-- beforemethod -->
        <test-method is-config="true" signature="afterMethod()[pri:0, instance:reports.Reports@21d03963]" started-at="2022-08-05T14:32:31 IST" name="afterMethod" finished-at="2022-08-05T14:32:31 IST" duration-ms="1" status="PASS">
          <reporter-output>
          </reporter-output>
        </test-method> <!-- afterMethod -->
        <test-method is-config="true" signature="beforemethod()[pri:0, instance:reports.Reports@21d03963]" started-at="2022-08-05T14:32:31 IST" name="beforemethod" finished-at="2022-08-05T14:32:31 IST" duration-ms="1" status="PASS">
          <reporter-output>
          </reporter-output>
        </test-method> <!-- beforemethod -->
        <test-method signature="bothEmptyField()[pri:6, instance:reports.Reports@21d03963]" started-at="2022-08-05T14:32:31 IST" name="bothEmptyField" finished-at="2022-08-05T14:32:36 IST" duration-ms="4962" status="PASS">
          <reporter-output>
          </reporter-output>
        </test-method> <!-- bothEmptyField -->
        <test-method is-config="true" signature="afterMethod()[pri:0, instance:reports.Reports@21d03963]" started-at="2022-08-05T14:32:36 IST" name="afterMethod" finished-at="2022-08-05T14:32:36 IST" duration-ms="1" status="PASS">
          <reporter-output>
          </reporter-output>
        </test-method> <!-- afterMethod -->
        <test-method is-config="true" signature="beforemethod()[pri:0, instance:reports.Reports@21d03963]" started-at="2022-08-05T14:32:36 IST" name="beforemethod" finished-at="2022-08-05T14:32:36 IST" duration-ms="1" status="PASS">
          <reporter-output>
          </reporter-output>
        </test-method> <!-- beforemethod -->
        <test-method signature="forgetPassWord()[pri:7, instance:reports.Reports@21d03963]" started-at="2022-08-05T14:32:36 IST" name="forgetPassWord" finished-at="2022-08-05T14:32:39 IST" duration-ms="3254" status="FAIL">
          <exception class="org.openqa.selenium.NoSuchElementException">
            <message>
              <![CDATA[no such element: Unable to locate element: {"method":"xpath","selector":"//a[text()='Forget Password?']"}
  (Session info: chrome=103.0.5060.134)
For documentation on this error, please visit: https://selenium.dev/exceptions/#no_such_element
Build info: version: '4.3.0', revision: 'a4995e2c09*'
System info: host: 'PRO-KOWSIKA', ip: '192.168.1.11', os.name: 'Windows 11', os.arch: 'amd64', os.version: '10.0', java.version: '11.0.15.1'
Driver info: org.openqa.selenium.chrome.ChromeDriver
Command: [cb3ea4daaadc375fd5d3b9af0cbc9329, findElement {using=xpath, value=//a[text()='Forget Password?']}]
Capabilities {acceptInsecureCerts: false, browserName: chrome, browserVersion: 103.0.5060.134, chrome: {chromedriverVersion: 103.0.5060.53 (a1711811edd7..., userDataDir: C:\Users\PROMAN~1\AppData\L...}, goog:chromeOptions: {debuggerAddress: localhost:59746}, networkConnectionEnabled: false, pageLoadStrategy: normal, platformName: WINDOWS, proxy: Proxy(), se:cdp: ws://localhost:59746/devtoo..., se:cdpVersion: 103.0.5060.134, setWindowRect: true, strictFileInteractability: false, timeouts: {implicit: 0, pageLoad: 300000, script: 30000}, unhandledPromptBehavior: dismiss and notify, webauthn:extension:credBlob: true, webauthn:extension:largeBlob: true, webauthn:virtualAuthenticators: true}
Session ID: cb3ea4daaadc375fd5d3b9af0cbc9329]]>
            </message>
            <full-stacktrace>
              <![CDATA[org.openqa.selenium.NoSuchElementException: no such element: Unable to locate element: {"method":"xpath","selector":"//a[text()='Forget Password?']"}
  (Session info: chrome=103.0.5060.134)
For documentation on this error, please visit: https://selenium.dev/exceptions/#no_such_element
Build info: version: '4.3.0', revision: 'a4995e2c09*'
System info: host: 'PRO-KOWSIKA', ip: '192.168.1.11', os.name: 'Windows 11', os.arch: 'amd64', os.version: '10.0', java.version: '11.0.15.1'
Driver info: org.openqa.selenium.chrome.ChromeDriver
Command: [cb3ea4daaadc375fd5d3b9af0cbc9329, findElement {using=xpath, value=//a[text()='Forget Password?']}]
Capabilities {acceptInsecureCerts: false, browserName: chrome, browserVersion: 103.0.5060.134, chrome: {chromedriverVersion: 103.0.5060.53 (a1711811edd7..., userDataDir: C:\Users\PROMAN~1\AppData\L...}, goog:chromeOptions: {debuggerAddress: localhost:59746}, networkConnectionEnabled: false, pageLoadStrategy: normal, platformName: WINDOWS, proxy: Proxy(), se:cdp: ws://localhost:59746/devtoo..., se:cdpVersion: 103.0.5060.134, setWindowRect: true, strictFileInteractability: false, timeouts: {implicit: 0, pageLoad: 300000, script: 30000}, unhandledPromptBehavior: dismiss and notify, webauthn:extension:credBlob: true, webauthn:extension:largeBlob: true, webauthn:virtualAuthenticators: true}
Session ID: cb3ea4daaadc375fd5d3b9af0cbc9329
at java.base/jdk.internal.reflect.NativeConstructorAccessorImpl.newInstance0(Native Method)
at java.base/jdk.internal.reflect.NativeConstructorAccessorImpl.newInstance(NativeConstructorAccessorImpl.java:62)
at java.base/jdk.internal.reflect.DelegatingConstructorAccessorImpl.newInstance(DelegatingConstructorAccessorImpl.java:45)
at java.base/java.lang.reflect.Constructor.newInstance(Constructor.java:490)
at org.openqa.selenium.remote.codec.w3c.W3CHttpResponseCodec.createException(W3CHttpResponseCodec.java:200)
at org.openqa.selenium.remote.codec.w3c.W3CHttpResponseCodec.decode(W3CHttpResponseCodec.java:133)
at org.openqa.selenium.remote.codec.w3c.W3CHttpResponseCodec.decode(W3CHttpResponseCodec.java:53)
at org.openqa.selenium.remote.HttpCommandExecutor.execute(HttpCommandExecutor.java:184)
at org.openqa.selenium.remote.service.DriverCommandExecutor.invokeExecute(DriverCommandExecutor.java:167)
at org.openqa.selenium.remote.service.DriverCommandExecutor.execute(DriverCommandExecutor.java:142)
at org.openqa.selenium.remote.RemoteWebDriver.execute(RemoteWebDriver.java:569)
at org.openqa.selenium.remote.ElementLocation$ElementFinder$2.findElement(ElementLocation.java:162)
at org.openqa.selenium.remote.ElementLocation.findElement(ElementLocation.java:60)
at org.openqa.selenium.remote.RemoteWebDriver.findElement(RemoteWebDriver.java:387)
at org.openqa.selenium.remote.RemoteWebDriver.findElement(RemoteWebDriver.java:379)
at reports.Reports.forgetPassWord(Reports.java:245)
at java.base/jdk.internal.reflect.NativeMethodAccessorImpl.invoke0(Native Method)
at java.base/jdk.internal.reflect.NativeMethodAccessorImpl.invoke(NativeMethodAccessorImpl.java:62)
at java.base/jdk.internal.reflect.DelegatingMethodAccessorImpl.invoke(DelegatingMethodAccessorImpl.java:43)
at java.base/java.lang.reflect.Method.invoke(Method.java:566)
at org.testng.internal.invokers.MethodInvocationHelper.invokeMethod(MethodInvocationHelper.java:139)
at org.testng.internal.invokers.TestInvoker.invokeMethod(TestInvoker.java:677)
at org.testng.internal.invokers.TestInvoker.invokeTestMethod(TestInvoker.java:221)
at org.testng.internal.invokers.MethodRunner.runInSequence(MethodRunner.java:50)
at org.testng.internal.invokers.TestInvoker$MethodInvocationAgent.invoke(TestInvoker.java:962)
at org.testng.internal.invokers.TestInvoker.invokeTestMethods(TestInvoker.java:194)
at org.testng.internal.invokers.TestMethodWorker.invokeTestMethods(TestMethodWorker.java:148)
at org.testng.internal.invokers.TestMethodWorker.run(TestMethodWorker.java:128)
at java.base/java.util.ArrayList.forEach(ArrayList.java:1541)
at org.testng.TestRunner.privateRun(TestRunner.java:806)
at org.testng.TestRunner.run(TestRunner.java:601)
at org.testng.SuiteRunner.runTest(SuiteRunner.java:433)
at org.testng.SuiteRunner.runSequentially(SuiteRunner.java:427)
at org.testng.SuiteRunner.privateRun(SuiteRunner.java:387)
at org.testng.SuiteRunner.run(SuiteRunner.java:330)
at org.testng.SuiteRunnerWorker.runSuite(SuiteRunnerWorker.java:52)
at org.testng.SuiteRunnerWorker.run(SuiteRunnerWorker.java:95)
at org.testng.TestNG.runSuitesSequentially(TestNG.java:1256)
at org.testng.TestNG.runSuitesLocally(TestNG.java:1176)
at org.testng.TestNG.runSuites(TestNG.java:1099)
at org.testng.TestNG.run(TestNG.java:1067)
at org.apache.maven.surefire.testng.TestNGExecutor.run(TestNGExecutor.java:284)
at org.apache.maven.surefire.testng.TestNGXmlTestSuite.execute(TestNGXmlTestSuite.java:75)
at org.apache.maven.surefire.testng.TestNGProvider.invoke(TestNGProvider.java:119)
at org.apache.maven.surefire.booter.ForkedBooter.runSuitesInProcess(ForkedBooter.java:428)
at org.apache.maven.surefire.booter.ForkedBooter.execute(ForkedBooter.java:162)
at org.apache.maven.surefire.booter.ForkedBooter.run(ForkedBooter.java:562)
at org.apache.maven.surefire.booter.ForkedBooter.main(ForkedBooter.java:548)
]]>
            </full-stacktrace>
          </exception> <!-- org.openqa.selenium.NoSuchElementException -->
          <reporter-output>
          </reporter-output>
        </test-method> <!-- forgetPassWord -->
        <test-method is-config="true" signature="afterMethod()[pri:0, instance:reports.Reports@21d03963]" started-at="2022-08-05T14:32:39 IST" name="afterMethod" finished-at="2022-08-05T14:32:39 IST" duration-ms="0" status="PASS">
          <reporter-output>
          </reporter-output>
        </test-method> <!-- afterMethod -->
        <test-method is-config="true" signature="afterTest()[pri:0, instance:reports.Reports@21d03963]" started-at="2022-08-05T14:32:39 IST" name="afterTest" finished-at="2022-08-05T14:32:40 IST" duration-ms="1291" status="PASS">
          <reporter-output>
          </reporter-output>
        </test-method> <!-- afterTest -->
      </class> <!-- reports.Reports -->
    </test> <!-- Test -->
  </suite> <!-- Suite -->
</testng-results>
